"../../../Warden/Content/UI/UI_FighterTooltipWidget.uasset" 0
"../../../Warden/Content/UI/UI_MainMenu.uasset" 1
"../../../Engine/Content/Functions/Engine_MaterialFunctions01/Opacity/CameraDepthFade.uasset" 2
"../../../Engine/Content/EngineMaterials/T_Default_Material_Grid_M.uasset" 3
"../../../Engine/Content/EngineMaterials/T_Default_Material_Grid_N.uasset" 4
"../../../Engine/Content/EngineMaterials/DefaultMaterial.uasset" 5
"../../../Engine/Content/BasicShapes/Cone.uasset" 6
"../../../Engine/Content/EngineMaterials/WorldGridMaterial.uasset" 7
"../../../Engine/Content/BasicShapes/Cube.uasset" 8
"../../../Engine/Content/BasicShapes/Cylinder.uasset" 9
"../../../Engine/Content/BasicShapes/Plane.uasset" 10
"../../../Engine/Content/BasicShapes/Sphere.uasset" 11
"../../../Engine/Content/EditorLandscapeResources/DataLayer.uasset" 12
"../../../Engine/Content/EditorMaterials/GizmoMaterial.uasset" 13
"../../../Engine/Content/EditorMaterials/MAT_Groups_Toggle.uasset" 14
"../../../Engine/Content/EditorMaterials/MAT_Groups_Visibility.uasset" 15
"../../../Engine/Content/EditorMaterials/PreviewShadowIndicator.uasset" 16
"../../../Engine/Content/EditorMaterials/PreviewShadowIndicatorMaterial.uasset" 17
"../../../Engine/Content/EditorMaterials/MatineeGroups/MAT_ColorTrack.uasset" 18
"../../../Engine/Content/EditorMaterials/MatineeGroups/MAT_Groups_Anim.uasset" 19
"../../../Engine/Content/EditorMaterials/MatineeGroups/MAT_Groups_AudioMaster.uasset" 20
"../../../Engine/Content/EditorMaterials/MatineeGroups/MAT_Groups_Director.uasset" 21
"../../../Engine/Content/EditorMaterials/MatineeGroups/MAT_Groups_Event.uasset" 22
"../../../Engine/Content/EditorMaterials/MatineeGroups/MAT_Groups_Fade.uasset" 23
"../../../Engine/Content/EditorMaterials/MatineeGroups/MAT_Groups_Float.uasset" 24
"../../../Engine/Content/EditorMaterials/MatineeGroups/MAT_Groups_Move.uasset" 25
"../../../Engine/Content/EditorMaterials/MatineeGroups/MAT_Groups_Slomo.uasset" 26
"../../../Engine/Content/EditorMaterials/MatineeGroups/MAT_Groups_Sound.uasset" 27
"../../../Engine/Content/EditorMaterials/MatineeGroups/MAT_Groups_Vector.uasset" 28
"../../../Engine/Content/EditorMaterials/ParticleSystems/PSysThumbnail_NoImage.uasset" 29
"../../../Engine/Content/EditorMaterials/ParticleSystems/PSysThumbnail_OOD.uasset" 30
"../../../Engine/Content/EditorMaterials/Camera/CineMat.uasset" 31
"../../../Engine/Content/EditorMaterials/Camera/MI_CineMat_Rig.uasset" 32
"../../../Engine/Content/EditorMeshes/Camera/SM_CraneRig_Arm.uasset" 33
"../../../Engine/Content/EditorMeshes/Camera/SM_CraneRig_Base.uasset" 34
"../../../Engine/Content/EditorMeshes/Camera/SM_CraneRig_Body.uasset" 35
"../../../Engine/Content/EditorMeshes/Camera/SM_CraneRig_Mount.uasset" 36
"../../../Engine/Content/EditorMeshes/Camera/SM_RailRig_Mount.uasset" 37
"../../../Engine/Content/EditorMeshes/Camera/SM_RailRig_Track.uasset" 38
"../../../Engine/Content/EditorMeshes/ColorCalibrator/M_ChromeBall.uasset" 39
"../../../Engine/Content/EditorMeshes/ColorCalibrator/M_ClearCoat.uasset" 40
"../../../Engine/Content/EditorMeshes/ColorCalibrator/M_ClearCoatBlack.uasset" 41
"../../../Engine/Content/EditorMeshes/ColorCalibrator/Color_checker.uasset" 42
"../../../Engine/Content/EditorMeshes/ColorCalibrator/M_ColorGrid.uasset" 43
"../../../Engine/Content/EditorMeshes/ColorCalibrator/M_GreyBall.uasset" 44
"../../../Engine/Content/EditorMeshes/ColorCalibrator/SM_ColorCalibrator.uasset" 45
"../../../Engine/Content/EditorResources/BSPVertex.uasset" 46
"../../../Engine/Content/EditorResources/EmptyActor.uasset" 47
"../../../Engine/Content/EditorResources/S_Actor.uasset" 48
"../../../Engine/Content/EditorResources/S_Trigger.uasset" 49
"../../../Engine/Content/EditorResources/SequenceRecorder/Countdown.uasset" 50
"../../../Engine/Content/EditorResources/SequenceRecorder/RecordingIndicator.uasset" 51
"../../../Engine/Content/EditorSounds/Notifications/CompileFailed.uasset" 52
"../../../Engine/Content/EditorSounds/Notifications/CompileFailed_Cue.uasset" 53
"../../../Engine/Content/EditorSounds/Notifications/CompileSuccess.uasset" 54
"../../../Engine/Content/EditorSounds/Notifications/CompileStart_Cue.uasset" 55
"../../../Engine/Content/EditorSounds/Notifications/CompileSuccess_Cue.uasset" 56
"../../../Engine/Content/EngineDamageTypes/DmgTypeBP_Environmental.uasset" 57
"../../../Engine/Content/EngineDebugMaterials/HeatmapGradient.uasset" 58
"../../../Engine/Content/EngineDebugMaterials/BoneWeightMaterial.uasset" 59
"../../../Engine/Content/EngineDebugMaterials/ClothMaterial.uasset" 60
"../../../Engine/Content/EngineDebugMaterials/ClothMaterial_WF.uasset" 61
"../../../Engine/Content/EngineDebugMaterials/DebugEditorMaterial.uasset" 62
"../../../Engine/Content/EngineDebugMaterials/DebugMeshMaterial.uasset" 63
"../../../Engine/Content/EngineDebugMaterials/GeomMaterial.uasset" 64
"../../../Engine/Content/EngineFonts/Faces/RobotoBold.uasset" 65
"../../../Engine/Content/EngineFonts/Faces/RobotoBoldItalic.uasset" 66
"../../../Engine/Content/EngineFonts/Faces/RobotoItalic.uasset" 67
"../../../Engine/Content/EngineFonts/Faces/RobotoLight.uasset" 68
"../../../Engine/Content/EngineFonts/Faces/RobotoRegular.uasset" 69
"../../../Engine/Content/EngineFonts/Roboto.uasset" 70
"../../../Engine/Content/EngineFonts/Faces/RobotoTiny.uasset" 71
"../../../Engine/Content/EngineFonts/RobotoTiny.uasset" 72
"../../../Engine/Content/EngineMaterials/DefaultBloomKernel.uasset" 73
"../../../Engine/Content/EngineMaterials/DefaultBokeh.uasset" 74
"../../../Engine/Content/EngineMaterials/DefaultDiffuse.uasset" 75
"../../../Engine/Content/EngineMaterials/DefaultDeferredDecalMaterial.uasset" 76
"../../../Engine/Content/EngineMaterials/DefaultLightFunctionMaterial.uasset" 77
"../../../Engine/Content/EngineMaterials/DefaultPhysicalMaterial.uasset" 78
"../../../Engine/Content/Functions/Engine_MaterialFunctions02/Utility/BreakOutFloat2Components.uasset" 79
"../../../Engine/Content/EngineMaterials/DefaultPostProcessMaterial.uasset" 80
"../../../Engine/Content/EngineFonts/RobotoDistanceField.uasset" 81
"../../../Engine/Content/EngineMaterials/DefaultTextMaterialOpaque.uasset" 82
"../../../Engine/Content/EngineMaterials/DefaultWhiteGrid.uasset" 83
"../../../Engine/Content/EngineMaterials/EditorBrushMaterial.uasset" 84
"../../../Engine/Content/EngineMaterials/Good64x64TilingNoiseHighFreq.uasset" 85
"../../../Engine/Content/EngineMaterials/MiniFont.uasset" 86
"../../../Engine/Content/EngineMaterials/InvalidLightmapSettings.uasset" 87
"../../../Engine/Content/EngineMaterials/M_InvalidLightmapSettings.uasset" 88
"../../../Engine/Content/Functions/Engine_MaterialFunctions02/WorldPositionOffset/CameraOffset.uasset" 89
"../../../Engine/Content/EngineMaterials/PhAT_JointLimitMaterial.uasset" 90
"../../../Engine/Content/EngineMaterials/PreintegratedSkinBRDF.uasset" 91
"../../../Engine/Content/EngineMaterials/RemoveSurfaceMaterial.uasset" 92
"../../../Engine/Content/EngineMaterials/WeightMapPlaceholderTexture.uasset" 93
"../../../Engine/Content/EngineResources/WhiteSquareTexture.uasset" 94
"../../../Engine/Content/EngineMaterials/Widget3DPassThrough.uasset" 95
"../../../Engine/Content/EngineMaterials/Widget3DPassThrough_Masked.uasset" 96
"../../../Engine/Content/EngineMaterials/Widget3DPassThrough_Opaque.uasset" 97
"../../../Engine/Content/EngineMaterials/Widget3DPassThrough_Masked_OneSided.uasset" 98
"../../../Engine/Content/EngineMaterials/Widget3DPassThrough_Opaque_OneSided.uasset" 99
"../../../Engine/Content/EngineMaterials/Widget3DPassThrough_Translucent.uasset" 100
"../../../Engine/Content/EngineMaterials/Widget3DPassThrough_Translucent_OneSided.uasset" 101
"../../../Engine/Content/EngineMeshes/Cube.uasset" 102
"../../../Engine/Content/EngineMeshes/Cylinder.uasset" 103
"../../../Engine/Content/EngineMeshes/Sphere.uasset" 104
"../../../Engine/Content/EngineResources/Black.uasset" 105
"../../../Engine/Content/EngineResources/DefaultTexture.uasset" 106
"../../../Engine/Content/EngineResources/DefaultTextureCube.uasset" 107
"../../../Engine/Content/EngineResources/GradientTexture0.uasset" 108
"../../../Engine/Content/EngineSounds/Master.uasset" 109
"../../../Engine/Content/Functions/Engine_MaterialFunctions01/Shading/ConvertFromDiffSpec.uasset" 110
"../../../Engine/Content/Functions/Engine_MaterialFunctions01/Shading/PowerToRoughness.uasset" 111
"../../../Engine/Content/Maps/Templates/Thumbnails/Default.uasset" 112
"../../../Engine/Content/Maps/Templates/Thumbnails/VR-Basic.uasset" 113
"../../../Engine/Content/MobileResources/T_MobileControls_texture.uasset" 114
"../../../Engine/Content/MobileResources/T_MobileMenu2.uasset" 115
"../../../Engine/Content/MobileResources/HUD/AnalogHat.uasset" 116
"../../../Engine/Content/MobileResources/HUD/VirtualJoystick_Background.uasset" 117
"../../../Engine/Content/MobileResources/HUD/VirtualJoystick_Thumb.uasset" 118
"../../../Engine/Content/MobileResources/HUD/DefaultVirtualJoysticks.uasset" 119
"../../../Engine/Content/MobileResources/HUD/LeftVirtualJoystickOnly.uasset" 120
"../../../Engine/Content/MobileResources/HUD/MobileHUDButton1_off.uasset" 121
"../../../Engine/Content/MobileResources/HUD/MobileHUDButton1_on.uasset" 122
"../../../Engine/Content/MobileResources/HUD/MobileHUDButton2_off.uasset" 123
"../../../Engine/Content/MobileResources/HUD/MobileHUDButton2_on.uasset" 124
"../../../Engine/Content/MobileResources/HUD/MobileHUDButton3.uasset" 125
"../../../Engine/Content/MobileResources/HUD/MobileHUDButtonFire.uasset" 126
"../../../Engine/Content/MobileResources/HUD/MobileHUDDirectionPad.uasset" 127
"../../../Engine/Content/MobileResources/HUD/MobileHUDDirectionPad2.uasset" 128
"../../../Engine/Content/MobileResources/HUD/MobileHUDDirectionPad3.uasset" 129
"../../../Engine/Content/MobileResources/HUD/MobileHUDDirectionStick.uasset" 130
"../../../Engine/Content/MobileResources/HUD/T_Castle_ThumbstickInner.uasset" 131
"../../../Engine/Content/MobileResources/HUD/T_Castle_ThumbstickOutter.uasset" 132
"../../../Engine/Content/Tutorial/ContentIntroCurve.uasset" 133
"../../../Engine/Content/Tutorial/Basics/TutorialAssets/icon_tab_Levels_40x.uasset" 134
"../../../Engine/Content/Tutorial/BlueprintTutorials/TutorialAssets/BlueprintInterface_64x.uasset" 135
"../../../Engine/Content/Tutorial/BlueprintTutorials/TutorialAssets/BlueprintMacroLibrary_64x.uasset" 136
"../../../Engine/Content/Tutorial/BlueprintTutorials/TutorialAssets/Blueprint_64x.uasset" 137
"../../../Engine/Content/Tutorial/BlueprintTutorials/TutorialAssets/Tutorial_BP_Interface.uasset" 138
"../../../Engine/Content/Tutorial/Foliage/TutorialAssets/Foliage.uasset" 139
"../../../Engine/Content/Tutorial/Landscape/TutorialAssets/Landscape.uasset" 140
"../../../Engine/Content/Tutorial/Paper2D/TutorialAssets/Paper2DFlipbook_TutorialIcon.uasset" 141
"../../../Engine/Content/Tutorial/Paper2D/TutorialAssets/Paper2DSprite_TutorialIcon.uasset" 142
"../../../Engine/Content/Tutorial/SubEditors/TutorialAssets/icon_Editor_Preferences_General_40x.uasset" 143
"../../../Engine/Content/Tutorial/SubEditors/TutorialAssets/icon_ShowSkeletalMeshes_40x.uasset" 144
"../../../Engine/Content/Tutorial/SubEditors/TutorialAssets/TutorialMaterial.uasset" 145
"../../../Engine/Content/Tutorial/SubEditors/TutorialAssets/T_SmokeSubUV_8X8.uasset" 146
"../../../Engine/Content/Tutorial/SubEditors/TutorialAssets/T_soft_smoke.uasset" 147
"../../../Engine/Content/Tutorial/SubEditors/TutorialAssets/M_smoke_subUV_blackbody.uasset" 148
"../../../Engine/Content/Tutorial/SubEditors/TutorialAssets/TutorialParticleSystem.uasset" 149
"../../../Engine/Content/VREditor/Devices/Generic/GenericHMDMaterial.uasset" 150
"../../../Engine/Content/VREditor/Devices/Generic/GenericHMD.uasset" 151
"../../../Engine/Content/VREditor/FloatingText/LineMaterial.uasset" 152
"../../../Engine/Content/VREditor/FloatingText/JointSphere.uasset" 153
"../../../Engine/Content/VREditor/FloatingText/LineSegmentCylinder.uasset" 154
"../../../Engine/Content/VREditor/Fonts/VRText_RobotoLarge.uasset" 155
"../../../Engine/Content/VREditor/Fonts/VRTextMaterial.uasset" 156
"../../../Engine/Content/VREditor/Fonts/TranslucentVRTextMaterial.uasset" 157
"../../../Engine/Content/VREditor/LaserPointer/CursorPointer.uasset" 158
"../../../Engine/Content/VREditor/LaserPointer/VR_LaserPower_01.uasset" 159
"../../../Engine/Content/VREditor/TransformGizmo/TransformGizmoMaterial.uasset" 160
"../../../Engine/Content/VREditor/LaserPointer/HoverMaterial.uasset" 161
"../../../Engine/Content/VREditor/TransformGizmo/TranslucentTransformGizmoMaterial.uasset" 162
"../../../Engine/Content/VREditor/LaserPointer/TranslucentHoverMaterial.uasset" 163
"../../../Engine/Content/VREditor/LaserPointer/HoverMesh.uasset" 164
"../../../Engine/Content/VREditor/LaserPointer/LaserPointerMaterial.uasset" 165
"../../../Engine/Content/VREditor/LaserPointer/LaserPointerMaterialInst.uasset" 166
"../../../Engine/Content/VREditor/LaserPointer/TranslucentLaserPointerMaterialInst.uasset" 167
"../../../Engine/Content/VREditor/LaserPointer/LaserPointerMesh.uasset" 168
"../../../Engine/Content/VREditor/LaserPointer/LaserPointerMesh_End.uasset" 169
"../../../Engine/Content/VREditor/LaserPointer/LaserPointerMesh_Start.uasset" 170
"../../../Engine/Content/Functions/Engine_MaterialFunctions02/Utility/BreakOutFloat3Components.uasset" 171
"../../../Engine/Content/Functions/Engine_MaterialFunctions02/Math/Transform3x3Matrix.uasset" 172
"../../../Engine/Content/Functions/Engine_MaterialFunctions02/SplitComponents.uasset" 173
"../../../Engine/Content/Functions/Engine_MaterialFunctions02/Utility/MakeFloat3.uasset" 174
"../../../Engine/Content/VREditor/SnapGrid/SnapGridMaterial.uasset" 175
"../../../Engine/Content/VREditor/SnapGrid/SnapGridPlaneMesh.uasset" 176
"../../../Engine/Content/VREditor/Sounds/VR_teleport.uasset" 177
"../../../Engine/Content/VREditor/Sounds/UI/Click_on_Button_Cue.uasset" 178
"../../../Engine/Content/VREditor/Sounds/UI/Dockable_Window_Close.uasset" 179
"../../../Engine/Content/VREditor/Sounds/UI/Dockable_Window_Drop.uasset" 180
"../../../Engine/Content/VREditor/Sounds/UI/Dockable_Window_Open.uasset" 181
"../../../Engine/Content/VREditor/Sounds/UI/Dockable_Window_Pick_Up.uasset" 182
"../../../Engine/Content/VREditor/Sounds/UI/Drop_Item_From_ContentBrowser.uasset" 183
"../../../Engine/Content/VREditor/Sounds/UI/Floating_UI_Open-001.uasset" 184
"../../../Engine/Content/VREditor/Sounds/UI/Gizmo_Handle_Clicked.uasset" 185
"../../../Engine/Content/VREditor/Sounds/UI/Object_PickUp.uasset" 186
"../../../Engine/Content/VREditor/Sounds/UI/Object_Snaps_To_Another_Actor.uasset" 187
"../../../Engine/Content/VREditor/Sounds/UI/Object_Snaps_To_Grid.uasset" 188
"../../../Engine/Content/VREditor/Sounds/UI/Radial_Menu_FadeOut.uasset" 189
"../../../Engine/Content/VREditor/Sounds/UI/Scaling_Down.uasset" 190
"../../../Engine/Content/VREditor/Sounds/UI/Scaling_Up.uasset" 191
"../../../Engine/Content/VREditor/Sounds/UI/Selection_Changes.uasset" 192
"../../../Engine/Content/VREditor/Sounds/UI/Teleport_Mode_Entered.uasset" 193
"../../../Engine/Content/VREditor/Teleport/TeleportDirectionMaterial.uasset" 194
"../../../Engine/Content/VREditor/Teleport/TeleportDirectionMaterial_Inst.uasset" 195
"../../../Engine/Content/VREditor/Teleport/TeleportDirectionMesh.uasset" 196
"../../../Engine/Content/VREditor/TransformGizmo/BoundingBoxCorner.uasset" 197
"../../../Engine/Content/VREditor/TransformGizmo/BoundingBoxEdge.uasset" 198
"../../../Engine/Content/VREditor/TransformGizmo/PlaneTranslationHandle.uasset" 199
"../../../Engine/Content/VREditor/TransformGizmo/RotationHandleFull.uasset" 200
"../../../Engine/Content/VREditor/TransformGizmo/RotationHandleIndicator.uasset" 201
"../../../Engine/Content/VREditor/TransformGizmo/RotationHandleQuarter.uasset" 202
"../../../Engine/Content/VREditor/TransformGizmo/Main.uasset" 203
"../../../Engine/Content/VREditor/TransformGizmo/Xray.uasset" 204
"../../../Engine/Content/VREditor/TransformGizmo/SM_Dialog_Close.uasset" 205
"../../../Engine/Content/VREditor/TransformGizmo/SM_Dialog_Move.uasset" 206
"../../../Engine/Content/VREditor/TransformGizmo/SM_Sequencer_Key.uasset" 207
"../../../Engine/Content/VREditor/TransformGizmo/SM_Sequencer_Node.uasset" 208
"../../../Engine/Content/VREditor/TransformGizmo/StartRotationHandleIndicator.uasset" 209
"../../../Engine/Content/VREditor/TransformGizmo/TranslucentTransformGizmoMaterial_Inst.uasset" 210
"../../../Engine/Content/VREditor/TransformGizmo/TransformGizmoFreeRotation.uasset" 211
"../../../Engine/Content/VREditor/TransformGizmo/TransformGizmoMaterial_Inst.uasset" 212
"../../../Engine/Content/VREditor/TransformGizmo/TranslateArrowHandle.uasset" 213
"../../../Engine/Content/VREditor/TransformGizmo/UniformScaleHandle.uasset" 214
"../../../Engine/Content/VREditor/UI/KeyDiskMaterial.uasset" 215
"../../../Engine/Content/VREditor/UI/DiscMaterial.uasset" 216
"../../../Engine/Content/VREditor/UI/SM_Radial_Disk.uasset" 217
"../../../Engine/Content/Functions/Engine_MaterialFunctions01/Gradient/RadialGradient.uasset" 218
"../../../Engine/Content/VREditor/WorldMovementGrid/SimpleGrid.uasset" 219
"../../../Engine/Content/VREditor/WorldMovementGrid/GridMaterial.uasset" 220
"../../../Engine/Content/Functions/Engine_MaterialFunctions01/Density/ExponentialDensity.uasset" 221
"../../../Engine/Content/VREditor/WorldMovementGrid/GridPostProcess.uasset" 222
"../../../Engine/Content/EditorLandscapeResources/FlattenHeightMat.uasset" 223
"../../../Engine/Content/VREditor/WorldMovementGrid/PlaneMesh.uasset" 224
"../../../Engine/Plugins/2D/Paper2D/Content/PlaceholderTextures/DummySpriteTexture.uasset" 225
"../../../Engine/Plugins/2D/Paper2D/Content/DummySprite.uasset" 226
"../../../Engine/Plugins/2D/Paper2D/Content/DefaultPaperTerrainMaterial.uasset" 227
"../../../Engine/Plugins/2D/Paper2D/Content/DefaultSpriteMaterial.uasset" 228
"../../../Engine/Plugins/2D/Paper2D/Content/MaskedUnlitSpriteMaterial.uasset" 229
"../../../Engine/Plugins/2D/Paper2D/Content/OpaqueUnlitSpriteMaterial.uasset" 230
"../../../Engine/Plugins/Media/MediaCompositing/Content/DefaultMediaPlaneMaterial.uasset" 231
"../../../Engine/Content/Functions/Engine_MaterialFunctions01/Texturing/ScaleUVsByCenter.uasset" 232
"../../../Engine/Content/Functions/Engine_MaterialFunctions02/Utility/MakeFloat4.uasset" 233
"../../../Engine/Plugins/Runtime/AppleARKit/Content/ARKitCameraMaterial.uasset" 234
"../../../Engine/Plugins/Runtime/Oculus/OculusVR/Content/Textures/GearVRController_AO.uasset" 235
"../../../Engine/Plugins/Runtime/Oculus/OculusVR/Content/Textures/GearVRController_Color.uasset" 236
"../../../Engine/Plugins/Runtime/Oculus/OculusVR/Content/Textures/GearVRController_Normal.uasset" 237
"../../../Engine/Plugins/Runtime/Oculus/OculusVR/Content/Materials/GearVRControllerMaterial.uasset" 238
"../../../Engine/Plugins/Runtime/Oculus/OculusVR/Content/Meshes/GearVrController.uasset" 239
"../../../Warden/Content/Blueprints/Struct_Sword.uasset" 240
"../../../Warden/Content/Blueprints/Struct_Fighter.uasset" 241
"../../../Warden/Content/Blueprints/SaveGame.uasset" 242
"../../../Engine/Content/EditorBlueprintResources/StandardMacros.uasset" 243
"../../../Warden/Content/Meshes/SkeletalMeshes/Fighter_v1/Fighter_v1_Skeleton.uasset" 244
"../../../Warden/Content/Animations/ABP_Fighter.uasset" 245
"../../../Warden/Content/AI/Fighter_BlackBoard.uasset" 246
"../../../Warden/Content/AI/CheckIsTargetAliveTask.uasset" 247
"../../../Warden/Content/AI/Fighter_Attack1_Task.uasset" 248
"../../../Warden/Content/Blueprints/Enum_TeamsList.uasset" 249
"../../../Warden/Content/AI/FindTargetTask.uasset" 250
"../../../Warden/Content/AI/isTargetAliveDecorator.uasset" 251
"../../../Warden/Content/AI/isTargetNotAliveDecorator.uasset" 252
"../../../Warden/Content/AI/RemoveTargetTask.uasset" 253
"../../../Warden/Content/AI/Fighter_BehaviorTree.uasset" 254
"../../../Warden/Content/AI/Fighter_AiController.uasset" 255
"../../../Warden/Content/Blueprints/iDamagable.uasset" 256
"../../../Warden/Content/Meshes/SkeletalMeshes/Fighter_v1/feets.uasset" 257
"../../../Warden/Content/Meshes/SkeletalMeshes/Fighter_v1/Head.uasset" 258
"../../../Warden/Content/Meshes/SkeletalMeshes/Fighter_v1/LowerArms.uasset" 259
"../../../Warden/Content/Meshes/SkeletalMeshes/Fighter_v1/LowerBody.uasset" 260
"../../../Warden/Content/Meshes/SkeletalMeshes/Fighter_v1/LowerLegs.uasset" 261
"../../../Warden/Content/Meshes/SkeletalMeshes/Fighter_v1/UpperArms.uasset" 262
"../../../Warden/Content/Meshes/SkeletalMeshes/Fighter_v1/UpperBody.uasset" 263
"../../../Warden/Content/Meshes/SkeletalMeshes/Fighter_v1/UpperLegs.uasset" 264
"../../../Warden/Content/Meshes/SkeletalMeshes/Fighter_v1/Fighter_v1_PhysicsAsset.uasset" 265
"../../../Warden/Content/Meshes/SkeletalMeshes/Fighter_v1/SM_Fighter_v1.uasset" 266
"../../../Warden/Content/Meshes/SkeletalMeshes/Sword_Test_1/Sword_Test_1_SM_PhysicsAsset.uasset" 267
"../../../Warden/Content/Meshes/SkeletalMeshes/Sword_Test_1/Sword_Test_1_SM_Skeleton.uasset" 268
"../../../Warden/Content/Meshes/SkeletalMeshes/Sword_Test_1/Sword_Test_1_SM.uasset" 269
"../../../Warden/Content/Blueprints/Fighter.uasset" 270
"../../../Warden/Content/Blueprints/PlayerPawn.uasset" 271
"../../../Warden/Content/Blueprints/TrainingGroundGameMode.uasset" 272
"../../../Warden/Content/Blueprints/DataTables/FigthersNames_Struct.uasset" 273
"../../../Warden/Content/Blueprints/DataTables/Names.uasset" 274
"../../../Warden/Content/Blueprints/FightersShop.uasset" 275
"../../../Warden/Content/Blueprints/Enum_FighterListTypes.uasset" 276
"../../../Warden/Content/UI/UI_Fighter.uasset" 277
"../../../Warden/Content/UI/UI_TrainingGround.uasset" 278
"../../../Warden/Content/Blueprints/PlayerController.uasset" 279
"../../../Warden/Content/Blueprints/SpawnPoint.uasset" 280
"../../../Warden/Content/Blueprints/ArenaGameMod.uasset" 281
"../../../Warden/Content/Materials/Mat_BaseMat.uasset" 282
"../../../Warden/Content/Materials/Mat_Sand.uasset" 283
"../../../Warden/Content/Levels/Arena/Arena_v2.umap" 284
"../../../Warden/Content/GrassBlueprint/MatParaCollections/AW_MPC1.uasset" 285
"../../../Warden/Content/GrassBlueprint/MatParaCollections/AW_MPC3.uasset" 286
"../../../Warden/Content/GrassBlueprint/MatParaCollections/AW_MPC4.uasset" 287
"../../../Warden/Content/GrassBlueprint/MatParaCollections/AW_MPC5.uasset" 288
"../../../Warden/Content/GrassBlueprint/MatParaCollections/AWSpecial_MPC1.uasset" 289
"../../../Warden/Content/GrassBlueprint/MatParaCollections/AWSpecial_MPC2.uasset" 290
"../../../Warden/Content/GrassBlueprint/MatParaCollections/AWSpecial_MPC3.uasset" 291
"../../../Warden/Content/GrassBlueprint/MatParaCollections/AWSpecial_MPC4.uasset" 292
"../../../Warden/Content/GrassBlueprint/MatParaCollections/AWSpecial_MPC5.uasset" 293
"../../../Warden/Content/GrassBlueprint/MatParaCollections/NewestIterations/AW_MPC1N.uasset" 294
"../../../Warden/Content/GrassBlueprint/MatParaCollections/NewestIterations/AW_MPC2N.uasset" 295
"../../../Warden/Content/GrassBlueprint/MatParaCollections/NewestIterations/AW_MPC3N.uasset" 296
"../../../Warden/Content/GrassBlueprint/MatParaCollections/NewestIterations/AW_MPC4N.uasset" 297
"../../../Warden/Content/GrassBlueprint/MatParaCollections/NewestIterations/AW_MPC5N.uasset" 298
"../../../Warden/Content/GrassBlueprint/MatParaCollections/NewestIterations/AWSpecial_MPC1N.uasset" 299
"../../../Warden/Content/GrassBlueprint/MatParaCollections/NewestIterations/AWSpecial_MPC2N.uasset" 300
"../../../Warden/Content/GrassBlueprint/MatParaCollections/NewestIterations/AWSpecial_MPC3N.uasset" 301
"../../../Warden/Content/GrassBlueprint/MatParaCollections/NewestIterations/AWSpecial_MPC4N.uasset" 302
"../../../Warden/Content/GrassBlueprint/MatParaCollections/NewestIterations/AWSpecial_MPC5N.uasset" 303
"../../../Warden/Content/GrassBlueprint/Enumerator/WindAssets.uasset" 304
"../../../Warden/Content/GrassBlueprint/Textures/New_Win_dAlpha.uasset" 305
"../../../Warden/Content/GrassBlueprint/Blueprint/AdvancedWindBP.uasset" 306
"../../../Warden/Content/Levels/PreBattle/PreBattle_v1_BuiltData.uasset" 307
"../../../Engine/Content/Functions/Engine_MaterialFunctions01/Gradient/LinearGradient.uasset" 308
"../../../Engine/Content/Functions/Engine_MaterialFunctions01/ImageAdjustment/CheapContrast.uasset" 309
"../../../Engine/Content/Functions/Engine_MaterialFunctions01/Shading/FuzzyShadingGrass.uasset" 310
"../../../Engine/Content/Functions/Engine_MaterialFunctions01/Texturing/FlattenNormal.uasset" 311
"../../../Engine/Content/Functions/Engine_MaterialFunctions01/Texturing/ScaleUVsAroundPoint.uasset" 312
"../../../Engine/Content/EditorMaterials/Cascade/CASC_Cross.uasset" 313
"../../../Engine/Content/EditorMaterials/Cascade/CASC_None.uasset" 314
"../../../Engine/Content/Functions/Engine_MaterialFunctions03/Blends/Blend_Darken.uasset" 315
"../../../Warden/Content/OtherFoliageAndTerrain/Materials/WorldCoords-XY.uasset" 316
"../../../Warden/Content/GrassBlueprint/Textures/CloudAlphaFinished.uasset" 317
"../../../Warden/Content/GrassBlueprint/Textures/normalmap.uasset" 318
"../../../Warden/Content/OtherFoliageAndTerrain/Textures/T_MacroVariation.uasset" 319
"../../../Warden/Content/GrassBlueprint/Functions/Advanced_Wind/NewestIterations/Advanced-Grass-Blueprint-Preset-4.uasset" 320
"../../../Warden/Content/GrassBlueprint/Functions/Functions_to_Make_Life_Easier/TexturePositionAndScale.uasset" 321
"../../../Warden/Content/GrassBlueprint/Textures/Newgrasstexturefromblender6.uasset" 322
"../../../Warden/Content/GrassBlueprint/Textures/NewgrasstexturefromblenderNORMALMAP5.uasset" 323
"../../../Warden/Content/GrassBlueprint/Materials/GrassMats/GrassShader4.uasset" 324
"../../../Warden/Content/GrassBlueprint/Materials/GrassMats/Instances/GrassShader4_Inst.uasset" 325
"../../../Warden/Content/GrassBlueprint/Meshes/SuperGrass4.uasset" 326
"../../../Warden/Content/Levels/PreBattle/PreBattle_v1.umap" 327
"../../../Warden/Content/Levels/PreBattle/PreBattle_v2_BuiltData.uasset" 328
"../../../Warden/Content/Levels/PreBattle/PreBattle_v2.umap" 329
"../../../Engine/Content/Maps/Entry.umap" 330
